app/build/intermediates/manifest_merge_blame_file/release/manifest-merger-blame-release-report.txt
1<?xml version="1.0" encoding="utf-8"?>
2<manifest xmlns:android="http://schemas.android.com/apk/res/android"
3    package="inswave.wmatrix.template"
4    android:versionCode="2"
5    android:versionName="0.0.1" >
6
7    <uses-sdk
8        android:minSdkVersion="21"
8-->src/main/AndroidManifest.xml
9        android:targetSdkVersion="33" />
9-->src/main/AndroidManifest.xml
10
11    <uses-permission android:name="android.permission.RECORD_AUDIO" />
11-->src/main/AndroidManifest.xml:14:3-68
11-->src/main/AndroidManifest.xml:14:20-66
12    <uses-permission android:name="android.permission.SYSTEM_ALERT_WINDOW" />
12-->src/main/AndroidManifest.xml:15:3-75
12-->src/main/AndroidManifest.xml:15:20-73
13    <uses-permission android:name="android.permission.FOREGROUND_SERVICE" />
13-->src/main/AndroidManifest.xml:16:3-74
13-->src/main/AndroidManifest.xml:16:20-72
14    <uses-permission android:name="android.permission.ACCESS_WIFI_STATE" />
14-->src/main/AndroidManifest.xml:17:3-73
14-->src/main/AndroidManifest.xml:17:20-71
15    <uses-permission android:name="android.permission.INTERNET" />
15-->[WMatrix_1.3.6.7.aar] AndroidManifest.xml:7:5-67
15-->[WMatrix_1.3.6.7.aar] AndroidManifest.xml:7:22-64
16    <uses-permission android:name="android.permission.ACCESS_NETWORK_STATE" />
16-->[WMatrix_1.3.6.7.aar] AndroidManifest.xml:8:5-79
16-->[WMatrix_1.3.6.7.aar] AndroidManifest.xml:8:22-76
17    <uses-permission android:name="android.permission.CAMERA" />
17-->[WMatrix_1.3.6.7.aar] AndroidManifest.xml:9:5-65
17-->[WMatrix_1.3.6.7.aar] AndroidManifest.xml:9:22-62
18    <uses-permission
18-->[WMatrix_1.3.6.7.aar] AndroidManifest.xml:10:5-12:38
19        android:name="android.permission.READ_EXTERNAL_STORAGE"
19-->[WMatrix_1.3.6.7.aar] AndroidManifest.xml:11:9-64
20        android:maxSdkVersion="32" />
20-->[WMatrix_1.3.6.7.aar] AndroidManifest.xml:12:9-35
21    <uses-permission
21-->[WMatrix_1.3.6.7.aar] AndroidManifest.xml:13:5-15:38
22        android:name="android.permission.WRITE_EXTERNAL_STORAGE"
22-->[WMatrix_1.3.6.7.aar] AndroidManifest.xml:14:9-65
23        android:maxSdkVersion="32" /> <!-- android 13 이상에서 READ_EXTERNAL_STORAGE, WRITE_EXTERNAL_STORAGE 대신 써야 함. -->
23-->[WMatrix_1.3.6.7.aar] AndroidManifest.xml:15:9-35
24    <uses-permission android:name="android.permission.READ_MEDIA_AUDIO" />
24-->[WMatrix_1.3.6.7.aar] AndroidManifest.xml:19:5-75
24-->[WMatrix_1.3.6.7.aar] AndroidManifest.xml:19:22-72
25    <uses-permission android:name="android.permission.READ_MEDIA_VIDEO" />
25-->[WMatrix_1.3.6.7.aar] AndroidManifest.xml:20:5-75
25-->[WMatrix_1.3.6.7.aar] AndroidManifest.xml:20:22-72
26    <uses-permission android:name="android.permission.READ_MEDIA_IMAGES" /> <!-- [2020.11.06] tarkarn - Android R 버전 이상에서 Cordova 로 카메라가 활성화가 안되는 오류 수정 -->
26-->[WMatrix_1.3.6.7.aar] AndroidManifest.xml:21:5-76
26-->[WMatrix_1.3.6.7.aar] AndroidManifest.xml:21:22-73
27    <queries>
27-->[WMatrix_1.3.6.7.aar] AndroidManifest.xml:24:5-28:15
28        <intent>
28-->[WMatrix_1.3.6.7.aar] AndroidManifest.xml:25:9-27:18
29            <action android:name="android.media.action.IMAGE_CAPTURE" />
29-->[WMatrix_1.3.6.7.aar] AndroidManifest.xml:26:13-73
29-->[WMatrix_1.3.6.7.aar] AndroidManifest.xml:26:21-70
30        </intent>
31    </queries>
32
33    <uses-permission android:name="android.permission.WAKE_LOCK" />
33-->[androidx.work:work-runtime:2.7.1] AndroidManifest.xml:25:5-68
33-->[androidx.work:work-runtime:2.7.1] AndroidManifest.xml:25:22-65
34    <uses-permission android:name="android.permission.RECEIVE_BOOT_COMPLETED" />
34-->[androidx.work:work-runtime:2.7.1] AndroidManifest.xml:27:5-81
34-->[androidx.work:work-runtime:2.7.1] AndroidManifest.xml:27:22-78
35
36    <permission
36-->[androidx.core:core:1.9.0] AndroidManifest.xml:22:5-24:47
37        android:name="inswave.wmatrix.template.DYNAMIC_RECEIVER_NOT_EXPORTED_PERMISSION"
37-->[androidx.core:core:1.9.0] AndroidManifest.xml:23:9-81
38        android:protectionLevel="signature" />
38-->[androidx.core:core:1.9.0] AndroidManifest.xml:24:9-44
39
40    <uses-permission android:name="inswave.wmatrix.template.DYNAMIC_RECEIVER_NOT_EXPORTED_PERMISSION" />
40-->[androidx.core:core:1.9.0] AndroidManifest.xml:26:5-97
40-->[androidx.core:core:1.9.0] AndroidManifest.xml:26:22-94
41
42    <application
42-->src/main/AndroidManifest.xml:2:3-13:17
43        android:allowBackup="false"
43-->src/main/AndroidManifest.xml:2:16-43
44        android:appComponentFactory="androidx.core.app.CoreComponentFactory"
44-->[androidx.core:core:1.9.0] AndroidManifest.xml:28:18-86
45        android:icon="@mipmap/ic_launcher"
45-->src/main/AndroidManifest.xml:2:44-78
46        android:label="@string/WMatrixConfig_AppName"
46-->src/main/AndroidManifest.xml:2:79-124
47        android:largeHeap="true"
47-->src/main/AndroidManifest.xml:2:125-149
48        android:roundIcon="@mipmap/ic_launcher_round"
48-->src/main/AndroidManifest.xml:2:150-195
49        android:supportsRtl="true"
49-->src/main/AndroidManifest.xml:2:196-222
50        android:theme="@style/AppTheme"
50-->src/main/AndroidManifest.xml:2:223-254
51        android:usesCleartextTraffic="true" >
51-->src/main/AndroidManifest.xml:2:255-290
52        <activity
52-->src/main/AndroidManifest.xml:3:5-8:16
53            android:name="inswave.wmatrix.template.TemplateActivity"
53-->src/main/AndroidManifest.xml:3:15-47
54            android:configChanges="orientation|keyboardHidden|screenLayout|screenSize|smallestScreenSize|keyboard|navigation"
54-->src/main/AndroidManifest.xml:3:48-161
55            android:exported="true"
55-->src/main/AndroidManifest.xml:3:162-185
56            android:launchMode="singleTop"
56-->src/main/AndroidManifest.xml:3:186-216
57            android:resizeableActivity="true"
57-->src/main/AndroidManifest.xml:3:260-293
58            android:theme="@style/splash_screen_theme" >
58-->src/main/AndroidManifest.xml:3:217-259
59            <intent-filter>
59-->src/main/AndroidManifest.xml:4:7-7:23
60                <action android:name="android.intent.action.MAIN" />
60-->src/main/AndroidManifest.xml:5:9-60
60-->src/main/AndroidManifest.xml:5:17-58
61
62                <category android:name="android.intent.category.LAUNCHER" />
62-->src/main/AndroidManifest.xml:6:9-68
62-->src/main/AndroidManifest.xml:6:19-66
63            </intent-filter>
64        </activity>
65
66        <provider
67            android:name="androidx.core.content.FileProvider"
67-->src/main/AndroidManifest.xml:9:15-64
68            android:authorities="inswave.wmatrix.template.provider"
68-->src/main/AndroidManifest.xml:9:65-112
69            android:exported="false"
69-->src/main/AndroidManifest.xml:9:113-137
70            android:grantUriPermissions="true" >
70-->src/main/AndroidManifest.xml:9:138-172
71            <meta-data
71-->src/main/AndroidManifest.xml:10:7-142
72                android:name="android.support.FILE_PROVIDER_PATHS"
72-->src/main/AndroidManifest.xml:10:18-68
73                android:resource="@xml/provider_paths" />
73-->src/main/AndroidManifest.xml:10:69-107
74        </provider>
75
76        <service
76-->src/main/AndroidManifest.xml:12:5-178
77            android:name="wmatrix.plugin.screenrecorder.ScreenRecorderService"
77-->src/main/AndroidManifest.xml:12:14-80
78            android:enabled="true"
78-->src/main/AndroidManifest.xml:12:81-103
79            android:exported="false"
79-->src/main/AndroidManifest.xml:12:104-128
80            android:foregroundServiceType="mediaProjection" />
80-->src/main/AndroidManifest.xml:12:129-176
81
82        <activity android:name="inswave.wmatrix.view.WMSelectServerActivity" />
82-->[WMatrix_1.3.6.7.aar] AndroidManifest.xml:31:9-80
82-->[WMatrix_1.3.6.7.aar] AndroidManifest.xml:31:19-77
83
84        <provider
84-->[androidx.work:work-runtime:2.7.1] AndroidManifest.xml:31:9-39:20
85            android:name="androidx.startup.InitializationProvider"
85-->[androidx.work:work-runtime:2.7.1] AndroidManifest.xml:32:13-67
86            android:authorities="inswave.wmatrix.template.androidx-startup"
86-->[androidx.work:work-runtime:2.7.1] AndroidManifest.xml:33:13-68
87            android:exported="false" >
87-->[androidx.work:work-runtime:2.7.1] AndroidManifest.xml:34:13-37
88            <meta-data
88-->[androidx.work:work-runtime:2.7.1] AndroidManifest.xml:36:13-38:52
89                android:name="androidx.work.WorkManagerInitializer"
89-->[androidx.work:work-runtime:2.7.1] AndroidManifest.xml:37:17-68
90                android:value="androidx.startup" />
90-->[androidx.work:work-runtime:2.7.1] AndroidManifest.xml:38:17-49
91            <meta-data
91-->[androidx.emoji2:emoji2:1.2.0] AndroidManifest.xml:29:13-31:52
92                android:name="androidx.emoji2.text.EmojiCompatInitializer"
92-->[androidx.emoji2:emoji2:1.2.0] AndroidManifest.xml:30:17-75
93                android:value="androidx.startup" />
93-->[androidx.emoji2:emoji2:1.2.0] AndroidManifest.xml:31:17-49
94            <meta-data
94-->[androidx.lifecycle:lifecycle-process:2.4.1] AndroidManifest.xml:31:13-33:52
95                android:name="androidx.lifecycle.ProcessLifecycleInitializer"
95-->[androidx.lifecycle:lifecycle-process:2.4.1] AndroidManifest.xml:32:17-78
96                android:value="androidx.startup" />
96-->[androidx.lifecycle:lifecycle-process:2.4.1] AndroidManifest.xml:33:17-49
97        </provider>
98
99        <service
99-->[androidx.work:work-runtime:2.7.1] AndroidManifest.xml:41:9-46:35
100            android:name="androidx.work.impl.background.systemalarm.SystemAlarmService"
100-->[androidx.work:work-runtime:2.7.1] AndroidManifest.xml:42:13-88
101            android:directBootAware="false"
101-->[androidx.work:work-runtime:2.7.1] AndroidManifest.xml:43:13-44
102            android:enabled="@bool/enable_system_alarm_service_default"
102-->[androidx.work:work-runtime:2.7.1] AndroidManifest.xml:44:13-72
103            android:exported="false" />
103-->[androidx.work:work-runtime:2.7.1] AndroidManifest.xml:45:13-37
104        <service
104-->[androidx.work:work-runtime:2.7.1] AndroidManifest.xml:47:9-53:35
105            android:name="androidx.work.impl.background.systemjob.SystemJobService"
105-->[androidx.work:work-runtime:2.7.1] AndroidManifest.xml:48:13-84
106            android:directBootAware="false"
106-->[androidx.work:work-runtime:2.7.1] AndroidManifest.xml:49:13-44
107            android:enabled="@bool/enable_system_job_service_default"
107-->[androidx.work:work-runtime:2.7.1] AndroidManifest.xml:50:13-70
108            android:exported="true"
108-->[androidx.work:work-runtime:2.7.1] AndroidManifest.xml:51:13-36
109            android:permission="android.permission.BIND_JOB_SERVICE" />
109-->[androidx.work:work-runtime:2.7.1] AndroidManifest.xml:52:13-69
110        <service
110-->[androidx.work:work-runtime:2.7.1] AndroidManifest.xml:54:9-59:35
111            android:name="androidx.work.impl.foreground.SystemForegroundService"
111-->[androidx.work:work-runtime:2.7.1] AndroidManifest.xml:55:13-81
112            android:directBootAware="false"
112-->[androidx.work:work-runtime:2.7.1] AndroidManifest.xml:56:13-44
113            android:enabled="@bool/enable_system_foreground_service_default"
113-->[androidx.work:work-runtime:2.7.1] AndroidManifest.xml:57:13-77
114            android:exported="false" />
114-->[androidx.work:work-runtime:2.7.1] AndroidManifest.xml:58:13-37
115
116        <receiver
116-->[androidx.work:work-runtime:2.7.1] AndroidManifest.xml:61:9-66:35
117            android:name="androidx.work.impl.utils.ForceStopRunnable$BroadcastReceiver"
117-->[androidx.work:work-runtime:2.7.1] AndroidManifest.xml:62:13-88
118            android:directBootAware="false"
118-->[androidx.work:work-runtime:2.7.1] AndroidManifest.xml:63:13-44
119            android:enabled="true"
119-->[androidx.work:work-runtime:2.7.1] AndroidManifest.xml:64:13-35
120            android:exported="false" />
120-->[androidx.work:work-runtime:2.7.1] AndroidManifest.xml:65:13-37
121        <receiver
121-->[androidx.work:work-runtime:2.7.1] AndroidManifest.xml:67:9-77:20
122            android:name="androidx.work.impl.background.systemalarm.ConstraintProxy$BatteryChargingProxy"
122-->[androidx.work:work-runtime:2.7.1] AndroidManifest.xml:68:13-106
123            android:directBootAware="false"
123-->[androidx.work:work-runtime:2.7.1] AndroidManifest.xml:69:13-44
124            android:enabled="false"
124-->[androidx.work:work-runtime:2.7.1] AndroidManifest.xml:70:13-36
125            android:exported="false" >
125-->[androidx.work:work-runtime:2.7.1] AndroidManifest.xml:71:13-37
126            <intent-filter>
126-->[androidx.work:work-runtime:2.7.1] AndroidManifest.xml:73:13-76:29
127                <action android:name="android.intent.action.ACTION_POWER_CONNECTED" />
127-->[androidx.work:work-runtime:2.7.1] AndroidManifest.xml:74:17-87
127-->[androidx.work:work-runtime:2.7.1] AndroidManifest.xml:74:25-84
128                <action android:name="android.intent.action.ACTION_POWER_DISCONNECTED" />
128-->[androidx.work:work-runtime:2.7.1] AndroidManifest.xml:75:17-90
128-->[androidx.work:work-runtime:2.7.1] AndroidManifest.xml:75:25-87
129            </intent-filter>
130        </receiver>
131        <receiver
131-->[androidx.work:work-runtime:2.7.1] AndroidManifest.xml:78:9-88:20
132            android:name="androidx.work.impl.background.systemalarm.ConstraintProxy$BatteryNotLowProxy"
132-->[androidx.work:work-runtime:2.7.1] AndroidManifest.xml:79:13-104
133            android:directBootAware="false"
133-->[androidx.work:work-runtime:2.7.1] AndroidManifest.xml:80:13-44
134            android:enabled="false"
134-->[androidx.work:work-runtime:2.7.1] AndroidManifest.xml:81:13-36
135            android:exported="false" >
135-->[androidx.work:work-runtime:2.7.1] AndroidManifest.xml:82:13-37
136            <intent-filter>
136-->[androidx.work:work-runtime:2.7.1] AndroidManifest.xml:84:13-87:29
137                <action android:name="android.intent.action.BATTERY_OKAY" />
137-->[androidx.work:work-runtime:2.7.1] AndroidManifest.xml:85:17-77
137-->[androidx.work:work-runtime:2.7.1] AndroidManifest.xml:85:25-74
138                <action android:name="android.intent.action.BATTERY_LOW" />
138-->[androidx.work:work-runtime:2.7.1] AndroidManifest.xml:86:17-76
138-->[androidx.work:work-runtime:2.7.1] AndroidManifest.xml:86:25-73
139            </intent-filter>
140        </receiver>
141        <receiver
141-->[androidx.work:work-runtime:2.7.1] AndroidManifest.xml:89:9-99:20
142            android:name="androidx.work.impl.background.systemalarm.ConstraintProxy$StorageNotLowProxy"
142-->[androidx.work:work-runtime:2.7.1] AndroidManifest.xml:90:13-104
143            android:directBootAware="false"
143-->[androidx.work:work-runtime:2.7.1] AndroidManifest.xml:91:13-44
144            android:enabled="false"
144-->[androidx.work:work-runtime:2.7.1] AndroidManifest.xml:92:13-36
145            android:exported="false" >
145-->[androidx.work:work-runtime:2.7.1] AndroidManifest.xml:93:13-37
146            <intent-filter>
146-->[androidx.work:work-runtime:2.7.1] AndroidManifest.xml:95:13-98:29
147                <action android:name="android.intent.action.DEVICE_STORAGE_LOW" />
147-->[androidx.work:work-runtime:2.7.1] AndroidManifest.xml:96:17-83
147-->[androidx.work:work-runtime:2.7.1] AndroidManifest.xml:96:25-80
148                <action android:name="android.intent.action.DEVICE_STORAGE_OK" />
148-->[androidx.work:work-runtime:2.7.1] AndroidManifest.xml:97:17-82
148-->[androidx.work:work-runtime:2.7.1] AndroidManifest.xml:97:25-79
149            </intent-filter>
150        </receiver>
151        <receiver
151-->[androidx.work:work-runtime:2.7.1] AndroidManifest.xml:100:9-109:20
152            android:name="androidx.work.impl.background.systemalarm.ConstraintProxy$NetworkStateProxy"
152-->[androidx.work:work-runtime:2.7.1] AndroidManifest.xml:101:13-103
153            android:directBootAware="false"
153-->[androidx.work:work-runtime:2.7.1] AndroidManifest.xml:102:13-44
154            android:enabled="false"
154-->[androidx.work:work-runtime:2.7.1] AndroidManifest.xml:103:13-36
155            android:exported="false" >
155-->[androidx.work:work-runtime:2.7.1] AndroidManifest.xml:104:13-37
156            <intent-filter>
156-->[androidx.work:work-runtime:2.7.1] AndroidManifest.xml:106:13-108:29
157                <action android:name="android.net.conn.CONNECTIVITY_CHANGE" />
157-->[androidx.work:work-runtime:2.7.1] AndroidManifest.xml:107:17-79
157-->[androidx.work:work-runtime:2.7.1] AndroidManifest.xml:107:25-76
158            </intent-filter>
159        </receiver>
160        <receiver
160-->[androidx.work:work-runtime:2.7.1] AndroidManifest.xml:110:9-121:20
161            android:name="androidx.work.impl.background.systemalarm.RescheduleReceiver"
161-->[androidx.work:work-runtime:2.7.1] AndroidManifest.xml:111:13-88
162            android:directBootAware="false"
162-->[androidx.work:work-runtime:2.7.1] AndroidManifest.xml:112:13-44
163            android:enabled="false"
163-->[androidx.work:work-runtime:2.7.1] AndroidManifest.xml:113:13-36
164            android:exported="false" >
164-->[androidx.work:work-runtime:2.7.1] AndroidManifest.xml:114:13-37
165            <intent-filter>
165-->[androidx.work:work-runtime:2.7.1] AndroidManifest.xml:116:13-120:29
166                <action android:name="android.intent.action.BOOT_COMPLETED" />
166-->[androidx.work:work-runtime:2.7.1] AndroidManifest.xml:117:17-79
166-->[androidx.work:work-runtime:2.7.1] AndroidManifest.xml:117:25-76
167                <action android:name="android.intent.action.TIME_SET" />
167-->[androidx.work:work-runtime:2.7.1] AndroidManifest.xml:118:17-73
167-->[androidx.work:work-runtime:2.7.1] AndroidManifest.xml:118:25-70
168                <action android:name="android.intent.action.TIMEZONE_CHANGED" />
168-->[androidx.work:work-runtime:2.7.1] AndroidManifest.xml:119:17-81
168-->[androidx.work:work-runtime:2.7.1] AndroidManifest.xml:119:25-78
169            </intent-filter>
170        </receiver>
171        <receiver
171-->[androidx.work:work-runtime:2.7.1] AndroidManifest.xml:122:9-131:20
172            android:name="androidx.work.impl.background.systemalarm.ConstraintProxyUpdateReceiver"
172-->[androidx.work:work-runtime:2.7.1] AndroidManifest.xml:123:13-99
173            android:directBootAware="false"
173-->[androidx.work:work-runtime:2.7.1] AndroidManifest.xml:124:13-44
174            android:enabled="@bool/enable_system_alarm_service_default"
174-->[androidx.work:work-runtime:2.7.1] AndroidManifest.xml:125:13-72
175            android:exported="false" >
175-->[androidx.work:work-runtime:2.7.1] AndroidManifest.xml:126:13-37
176            <intent-filter>
176-->[androidx.work:work-runtime:2.7.1] AndroidManifest.xml:128:13-130:29
177                <action android:name="androidx.work.impl.background.systemalarm.UpdateProxies" />
177-->[androidx.work:work-runtime:2.7.1] AndroidManifest.xml:129:17-98
177-->[androidx.work:work-runtime:2.7.1] AndroidManifest.xml:129:25-95
178            </intent-filter>
179        </receiver>
180        <receiver
180-->[androidx.work:work-runtime:2.7.1] AndroidManifest.xml:132:9-142:20
181            android:name="androidx.work.impl.diagnostics.DiagnosticsReceiver"
181-->[androidx.work:work-runtime:2.7.1] AndroidManifest.xml:133:13-78
182            android:directBootAware="false"
182-->[androidx.work:work-runtime:2.7.1] AndroidManifest.xml:134:13-44
183            android:enabled="true"
183-->[androidx.work:work-runtime:2.7.1] AndroidManifest.xml:135:13-35
184            android:exported="true"
184-->[androidx.work:work-runtime:2.7.1] AndroidManifest.xml:136:13-36
185            android:permission="android.permission.DUMP" >
185-->[androidx.work:work-runtime:2.7.1] AndroidManifest.xml:137:13-57
186            <intent-filter>
186-->[androidx.work:work-runtime:2.7.1] AndroidManifest.xml:139:13-141:29
187                <action android:name="androidx.work.diagnostics.REQUEST_DIAGNOSTICS" />
187-->[androidx.work:work-runtime:2.7.1] AndroidManifest.xml:140:17-88
187-->[androidx.work:work-runtime:2.7.1] AndroidManifest.xml:140:25-85
188            </intent-filter>
189        </receiver>
190
191        <service
191-->[androidx.room:room-runtime:2.5.0] AndroidManifest.xml:24:9-28:63
192            android:name="androidx.room.MultiInstanceInvalidationService"
192-->[androidx.room:room-runtime:2.5.0] AndroidManifest.xml:25:13-74
193            android:directBootAware="true"
193-->[androidx.room:room-runtime:2.5.0] AndroidManifest.xml:26:13-43
194            android:exported="false" />
194-->[androidx.room:room-runtime:2.5.0] AndroidManifest.xml:27:13-37
195    </application>
196
197</manifest>